  main.cpp
  stiching.cpp
e:\计算机视觉作业\mv2k18精仪2018202117 俞吉洙\question2\question2\stiching.cpp(10): warning C4244: “=”: 从“_Tp”转换到“_Tp”，可能丢失数据
          with
          [
              _Tp=double
          ]
          and
          [
              _Tp=float
          ]
e:\计算机视觉作业\mv2k18精仪2018202117 俞吉洙\question2\question2\stiching.cpp(11): warning C4244: “=”: 从“_Tp”转换到“_Tp”，可能丢失数据
          with
          [
              _Tp=double
          ]
          and
          [
              _Tp=float
          ]
e:\计算机视觉作业\mv2k18精仪2018202117 俞吉洙\question2\question2\stiching.cpp(20): warning C4244: “=”: 从“_Tp”转换到“_Tp”，可能丢失数据
          with
          [
              _Tp=double
          ]
          and
          [
              _Tp=float
          ]
e:\计算机视觉作业\mv2k18精仪2018202117 俞吉洙\question2\question2\stiching.cpp(21): warning C4244: “=”: 从“_Tp”转换到“_Tp”，可能丢失数据
          with
          [
              _Tp=double
          ]
          and
          [
              _Tp=float
          ]
e:\计算机视觉作业\mv2k18精仪2018202117 俞吉洙\question2\question2\stiching.cpp(30): warning C4244: “=”: 从“_Tp”转换到“_Tp”，可能丢失数据
          with
          [
              _Tp=double
          ]
          and
          [
              _Tp=float
          ]
e:\计算机视觉作业\mv2k18精仪2018202117 俞吉洙\question2\question2\stiching.cpp(31): warning C4244: “=”: 从“_Tp”转换到“_Tp”，可能丢失数据
          with
          [
              _Tp=double
          ]
          and
          [
              _Tp=float
          ]
e:\计算机视觉作业\mv2k18精仪2018202117 俞吉洙\question2\question2\stiching.cpp(40): warning C4244: “=”: 从“_Tp”转换到“_Tp”，可能丢失数据
          with
          [
              _Tp=double
          ]
          and
          [
              _Tp=float
          ]
e:\计算机视觉作业\mv2k18精仪2018202117 俞吉洙\question2\question2\stiching.cpp(41): warning C4244: “=”: 从“_Tp”转换到“_Tp”，可能丢失数据
          with
          [
              _Tp=double
          ]
          and
          [
              _Tp=float
          ]
e:\计算机视觉作业\mv2k18精仪2018202117 俞吉洙\question2\question2\stiching.cpp(74): warning C4244: “初始化”: 从“double”转换到“int”，可能丢失数据
e:\计算机视觉作业\mv2k18精仪2018202117 俞吉洙\question2\question2\stiching.cpp(75): warning C4244: “初始化”: 从“double”转换到“int”，可能丢失数据
e:\计算机视觉作业\mv2k18精仪2018202117 俞吉洙\question2\question2\stiching.cpp(77): warning C4018: “<”: 有符号/无符号不匹配
e:\计算机视觉作业\mv2k18精仪2018202117 俞吉洙\question2\question2\stiching.cpp(83): warning C4018: “<”: 有符号/无符号不匹配
e:\计算机视觉作业\mv2k18精仪2018202117 俞吉洙\question2\question2\stiching.cpp(129): warning C4244: “参数”: 从“_Tp”转换到“_Tp”，可能丢失数据
          with
          [
              _Tp=float
          ]
          and
          [
              _Tp=int
          ]
e:\计算机视觉作业\mv2k18精仪2018202117 俞吉洙\question2\question2\stiching.cpp(139): warning C4244: “参数”: 从“_Tp”转换到“_Tp”，可能丢失数据
          with
          [
              _Tp=float
          ]
          and
          [
              _Tp=int
          ]
e:\计算机视觉作业\mv2k18精仪2018202117 俞吉洙\question2\question2\stiching.cpp(142): warning C4244: “参数”: 从“_Tp”转换到“_Tp”，可能丢失数据
          with
          [
              _Tp=float
          ]
          and
          [
              _Tp=int
          ]
e:\计算机视觉作业\mv2k18精仪2018202117 俞吉洙\question2\question2\stiching.cpp(170): warning C4018: “<”: 有符号/无符号不匹配
e:\计算机视觉作业\mv2k18精仪2018202117 俞吉洙\question2\question2\stiching.cpp(216): warning C4244: “初始化”: 从“_Tp”转换到“int”，可能丢失数据
          with
          [
              _Tp=float
          ]
e:\计算机视觉作业\mv2k18精仪2018202117 俞吉洙\question2\question2\stiching.cpp(246): warning C4244: “=”: 从“double”转换到“uchar”，可能丢失数据
e:\计算机视觉作业\mv2k18精仪2018202117 俞吉洙\question2\question2\stiching.cpp(247): warning C4244: “=”: 从“double”转换到“uchar”，可能丢失数据
e:\计算机视觉作业\mv2k18精仪2018202117 俞吉洙\question2\question2\stiching.cpp(248): warning C4244: “=”: 从“double”转换到“uchar”，可能丢失数据
  正在生成代码
  2 of 512 functions ( 0.4%) were compiled, the rest were copied from previous compilation.
    0 functions were new in current compilation
    10 functions had inline decision re-evaluated but remain unchanged
  已完成代码的生成
  Question2.vcxproj -> E:\计算机视觉作业\MV2K18精仪2018202117 俞吉洙\Question2\Release\Question2.exe
